2016-12-27 19:57:21,549 [Worker-2] INFO  o.e.m.c.i.p.ProjectConfigurationManager - Collecting project info '/pom.xml' D:\R!cks\NeonWorkspace\SMWorkSpace\ProductFinderMethodReplacement\pom.xml
2016-12-27 19:57:24,389 [Worker-2] INFO  o.e.m.c.i.l.LifecycleMappingFactory - Using org.eclipse.m2e.jdt.JarLifecycleMapping lifecycle mapping for MavenProject: com.ricks:ProductFinderMethodReplacement:0.0.1-SNAPSHOT @ D:\R!cks\NeonWorkspace\SMWorkSpace\ProductFinderMethodReplacement\pom.xml.
2016-12-27 19:57:25,388 [Worker-2] INFO  o.e.m.j.i.AbstractJavaProjectConfigurator - Adding source folder /ProductFinderMethodReplacement/src/main/java
2016-12-27 19:57:25,391 [Worker-2] INFO  o.e.m.j.i.AbstractJavaProjectConfigurator - Adding source folder /ProductFinderMethodReplacement/src/test/java
2016-12-27 19:57:25,605 [Worker-2] INFO  o.e.m.c.i.p.ProjectConfigurationManager - Imported and configured 1 project(s) in 4 sec
2016-12-27 19:57:26,675 [Worker-1] INFO  o.e.m.c.i.embedder.EclipseLogger - Using 'UTF-8' encoding to copy filtered resources.
2016-12-27 19:57:26,675 [Worker-1] INFO  o.e.m.c.i.embedder.EclipseLogger - skip non existing resourceDirectory D:\R!cks\NeonWorkspace\SMWorkSpace\ProductFinderMethodReplacement\src\main\resources
2016-12-27 19:57:26,677 [Worker-1] INFO  o.e.m.c.i.embedder.EclipseLogger - Using 'UTF-8' encoding to copy filtered resources.
2016-12-27 19:57:26,677 [Worker-1] INFO  o.e.m.c.i.embedder.EclipseLogger - skip non existing resourceDirectory D:\R!cks\NeonWorkspace\SMWorkSpace\ProductFinderMethodReplacement\src\test\resources
2016-12-27 19:58:07,972 [Worker-0] INFO  o.e.m.c.i.l.LifecycleMappingFactory - Using org.eclipse.m2e.jdt.JarLifecycleMapping lifecycle mapping for MavenProject: com.ricks:ProductFinderMethodReplacement:0.0.1-SNAPSHOT @ D:\R!cks\NeonWorkspace\SMWorkSpace\ProductFinderMethodReplacement\pom.xml.
2016-12-27 19:58:08,248 [Worker-0] INFO  o.e.m.c.i.embedder.EclipseLogger - Using 'UTF-8' encoding to copy filtered resources.
2016-12-27 19:58:08,248 [Worker-0] INFO  o.e.m.c.i.embedder.EclipseLogger - skip non existing resourceDirectory D:\R!cks\NeonWorkspace\SMWorkSpace\ProductFinderMethodReplacement\src\main\resources
2016-12-27 19:58:08,254 [Worker-0] INFO  o.e.m.c.i.embedder.EclipseLogger - Using 'UTF-8' encoding to copy filtered resources.
2016-12-27 19:58:08,254 [Worker-0] INFO  o.e.m.c.i.embedder.EclipseLogger - skip non existing resourceDirectory D:\R!cks\NeonWorkspace\SMWorkSpace\ProductFinderMethodReplacement\src\test\resources
2016-12-27 19:58:16,052 [Worker-2] INFO  o.e.m.c.i.l.LifecycleMappingFactory - Using org.eclipse.m2e.jdt.JarLifecycleMapping lifecycle mapping for MavenProject: com.ricks:ProductFinderMethodReplacement:0.0.1-SNAPSHOT @ D:\R!cks\NeonWorkspace\SMWorkSpace\ProductFinderMethodReplacement\pom.xml.
2016-12-27 19:58:16,192 [Worker-2] INFO  o.e.m.c.i.embedder.EclipseLogger - Using 'UTF-8' encoding to copy filtered resources.
2016-12-27 19:58:16,192 [Worker-2] INFO  o.e.m.c.i.embedder.EclipseLogger - skip non existing resourceDirectory D:\R!cks\NeonWorkspace\SMWorkSpace\ProductFinderMethodReplacement\src\main\resources
2016-12-27 19:58:16,195 [Worker-2] INFO  o.e.m.c.i.embedder.EclipseLogger - Using 'UTF-8' encoding to copy filtered resources.
2016-12-27 19:58:16,195 [Worker-2] INFO  o.e.m.c.i.embedder.EclipseLogger - skip non existing resourceDirectory D:\R!cks\NeonWorkspace\SMWorkSpace\ProductFinderMethodReplacement\src\test\resources
2016-12-27 19:58:17,544 [Worker-5] INFO  o.e.m.c.i.embedder.EclipseLogger - Using 'UTF-8' encoding to copy filtered resources.
2016-12-27 19:58:17,545 [Worker-5] INFO  o.e.m.c.i.embedder.EclipseLogger - skip non existing resourceDirectory D:\R!cks\NeonWorkspace\SMWorkSpace\ProductFinderMethodReplacement\src\main\resources
2016-12-27 19:58:17,546 [Worker-5] INFO  o.e.m.c.i.embedder.EclipseLogger - Using 'UTF-8' encoding to copy filtered resources.
2016-12-27 19:58:17,546 [Worker-5] INFO  o.e.m.c.i.embedder.EclipseLogger - skip non existing resourceDirectory D:\R!cks\NeonWorkspace\SMWorkSpace\ProductFinderMethodReplacement\src\test\resources
2016-12-27 19:58:18,992 [Worker-2] INFO  o.e.m.c.i.l.LifecycleMappingFactory - Using org.eclipse.m2e.jdt.JarLifecycleMapping lifecycle mapping for MavenProject: com.ricks:ProductFinderMethodReplacement:0.0.1-SNAPSHOT @ D:\R!cks\NeonWorkspace\SMWorkSpace\ProductFinderMethodReplacement\pom.xml.
2016-12-27 19:58:19,164 [Worker-2] INFO  o.e.m.c.i.embedder.EclipseLogger - Using 'UTF-8' encoding to copy filtered resources.
2016-12-27 19:58:19,164 [Worker-2] INFO  o.e.m.c.i.embedder.EclipseLogger - skip non existing resourceDirectory D:\R!cks\NeonWorkspace\SMWorkSpace\ProductFinderMethodReplacement\src\main\resources
2016-12-27 19:58:19,166 [Worker-2] INFO  o.e.m.c.i.embedder.EclipseLogger - Using 'UTF-8' encoding to copy filtered resources.
2016-12-27 19:58:19,166 [Worker-2] INFO  o.e.m.c.i.embedder.EclipseLogger - skip non existing resourceDirectory D:\R!cks\NeonWorkspace\SMWorkSpace\ProductFinderMethodReplacement\src\test\resources
2016-12-27 19:58:25,708 [Worker-1] INFO  o.e.m.c.i.l.LifecycleMappingFactory - Using org.eclipse.m2e.jdt.JarLifecycleMapping lifecycle mapping for MavenProject: com.ricks:ProductFinderMethodReplacement:0.0.1-SNAPSHOT @ D:\R!cks\NeonWorkspace\SMWorkSpace\ProductFinderMethodReplacement\pom.xml.
2016-12-27 19:58:25,837 [Worker-1] INFO  o.e.m.c.i.embedder.EclipseLogger - Using 'UTF-8' encoding to copy filtered resources.
2016-12-27 19:58:25,837 [Worker-1] INFO  o.e.m.c.i.embedder.EclipseLogger - skip non existing resourceDirectory D:\R!cks\NeonWorkspace\SMWorkSpace\ProductFinderMethodReplacement\src\main\resources
2016-12-27 19:58:25,839 [Worker-1] INFO  o.e.m.c.i.embedder.EclipseLogger - Using 'UTF-8' encoding to copy filtered resources.
2016-12-27 19:58:25,839 [Worker-1] INFO  o.e.m.c.i.embedder.EclipseLogger - skip non existing resourceDirectory D:\R!cks\NeonWorkspace\SMWorkSpace\ProductFinderMethodReplacement\src\test\resources
2016-12-27 19:59:03,217 [Worker-6] INFO  o.e.m.c.i.embedder.EclipseLogger - Using 'UTF-8' encoding to copy filtered resources.
2016-12-27 19:59:03,217 [Worker-6] INFO  o.e.m.c.i.embedder.EclipseLogger - skip non existing resourceDirectory D:\R!cks\NeonWorkspace\SMWorkSpace\ProductFinderMethodReplacement\src\main\resources
2016-12-27 19:59:03,218 [Worker-6] INFO  o.e.m.c.i.embedder.EclipseLogger - Using 'UTF-8' encoding to copy filtered resources.
2016-12-27 19:59:03,218 [Worker-6] INFO  o.e.m.c.i.embedder.EclipseLogger - skip non existing resourceDirectory D:\R!cks\NeonWorkspace\SMWorkSpace\ProductFinderMethodReplacement\src\test\resources
2016-12-27 19:59:04,238 [Worker-4] INFO  o.e.m.c.i.embedder.EclipseLogger - Using 'UTF-8' encoding to copy filtered resources.
2016-12-27 19:59:04,239 [Worker-4] INFO  o.e.m.c.i.embedder.EclipseLogger - skip non existing resourceDirectory D:\R!cks\NeonWorkspace\SMWorkSpace\ProductFinderMethodReplacement\src\main\resources
2016-12-27 19:59:04,240 [Worker-4] INFO  o.e.m.c.i.embedder.EclipseLogger - Using 'UTF-8' encoding to copy filtered resources.
2016-12-27 19:59:04,240 [Worker-4] INFO  o.e.m.c.i.embedder.EclipseLogger - skip non existing resourceDirectory D:\R!cks\NeonWorkspace\SMWorkSpace\ProductFinderMethodReplacement\src\test\resources
2016-12-27 20:02:03,258 [Worker-5] INFO  o.e.m.c.i.embedder.EclipseLogger - Using 'UTF-8' encoding to copy filtered resources.
2016-12-27 20:02:03,259 [Worker-5] INFO  o.e.m.c.i.embedder.EclipseLogger - skip non existing resourceDirectory D:\R!cks\NeonWorkspace\SMWorkSpace\ProductFinderMethodReplacement\src\main\resources
2016-12-27 20:02:03,262 [Worker-5] INFO  o.e.m.c.i.embedder.EclipseLogger - Using 'UTF-8' encoding to copy filtered resources.
2016-12-27 20:02:03,262 [Worker-5] INFO  o.e.m.c.i.embedder.EclipseLogger - skip non existing resourceDirectory D:\R!cks\NeonWorkspace\SMWorkSpace\ProductFinderMethodReplacement\src\test\resources
2016-12-27 20:03:09,624 [Worker-0] INFO  o.e.m.c.i.embedder.EclipseLogger - Using 'UTF-8' encoding to copy filtered resources.
2016-12-27 20:03:09,624 [Worker-0] INFO  o.e.m.c.i.embedder.EclipseLogger - skip non existing resourceDirectory D:\R!cks\NeonWorkspace\SMWorkSpace\ProductFinderMethodReplacement\src\main\resources
2016-12-27 20:03:09,626 [Worker-0] INFO  o.e.m.c.i.embedder.EclipseLogger - Using 'UTF-8' encoding to copy filtered resources.
2016-12-27 20:03:09,626 [Worker-0] INFO  o.e.m.c.i.embedder.EclipseLogger - skip non existing resourceDirectory D:\R!cks\NeonWorkspace\SMWorkSpace\ProductFinderMethodReplacement\src\test\resources
2016-12-27 20:03:11,708 [Worker-5] INFO  o.e.m.c.i.embedder.EclipseLogger - Using 'UTF-8' encoding to copy filtered resources.
2016-12-27 20:03:11,708 [Worker-5] INFO  o.e.m.c.i.embedder.EclipseLogger - skip non existing resourceDirectory D:\R!cks\NeonWorkspace\SMWorkSpace\ProductFinderMethodReplacement\src\main\resources
2016-12-27 20:03:11,710 [Worker-5] INFO  o.e.m.c.i.embedder.EclipseLogger - Using 'UTF-8' encoding to copy filtered resources.
2016-12-27 20:03:11,710 [Worker-5] INFO  o.e.m.c.i.embedder.EclipseLogger - skip non existing resourceDirectory D:\R!cks\NeonWorkspace\SMWorkSpace\ProductFinderMethodReplacement\src\test\resources
2016-12-27 20:04:13,679 [Worker-5] INFO  o.e.m.c.i.embedder.EclipseLogger - Using 'UTF-8' encoding to copy filtered resources.
2016-12-27 20:04:13,679 [Worker-5] INFO  o.e.m.c.i.embedder.EclipseLogger - skip non existing resourceDirectory D:\R!cks\NeonWorkspace\SMWorkSpace\ProductFinderMethodReplacement\src\main\resources
2016-12-27 20:04:13,682 [Worker-5] INFO  o.e.m.c.i.embedder.EclipseLogger - Using 'UTF-8' encoding to copy filtered resources.
2016-12-27 20:04:13,682 [Worker-5] INFO  o.e.m.c.i.embedder.EclipseLogger - skip non existing resourceDirectory D:\R!cks\NeonWorkspace\SMWorkSpace\ProductFinderMethodReplacement\src\test\resources
2016-12-27 20:11:37,502 [Worker-8] INFO  o.e.m.c.i.l.LifecycleMappingFactory - Using org.eclipse.m2e.jdt.JarLifecycleMapping lifecycle mapping for MavenProject: com.ricks:ProductFinderMethodReplacement:0.0.1-SNAPSHOT @ D:\R!cks\NeonWorkspace\SMWorkSpace\ProductFinderMethodReplacement\pom.xml.
2016-12-27 20:11:37,690 [Worker-8] INFO  o.e.m.c.i.embedder.EclipseLogger - Using 'UTF-8' encoding to copy filtered resources.
2016-12-27 20:11:37,691 [Worker-8] INFO  o.e.m.c.i.embedder.EclipseLogger - skip non existing resourceDirectory D:\R!cks\NeonWorkspace\SMWorkSpace\ProductFinderMethodReplacement\src\main\resources
2016-12-27 20:11:37,693 [Worker-8] INFO  o.e.m.c.i.embedder.EclipseLogger - Using 'UTF-8' encoding to copy filtered resources.
2016-12-27 20:11:37,693 [Worker-8] INFO  o.e.m.c.i.embedder.EclipseLogger - skip non existing resourceDirectory D:\R!cks\NeonWorkspace\SMWorkSpace\ProductFinderMethodReplacement\src\test\resources
2016-12-27 20:11:39,204 [Worker-0] INFO  o.e.m.c.i.embedder.EclipseLogger - Using 'UTF-8' encoding to copy filtered resources.
2016-12-27 20:11:39,204 [Worker-0] INFO  o.e.m.c.i.embedder.EclipseLogger - skip non existing resourceDirectory D:\R!cks\NeonWorkspace\SMWorkSpace\ProductFinderMethodReplacement\src\main\resources
2016-12-27 20:11:39,205 [Worker-0] INFO  o.e.m.c.i.embedder.EclipseLogger - Using 'UTF-8' encoding to copy filtered resources.
2016-12-27 20:11:39,205 [Worker-0] INFO  o.e.m.c.i.embedder.EclipseLogger - skip non existing resourceDirectory D:\R!cks\NeonWorkspace\SMWorkSpace\ProductFinderMethodReplacement\src\test\resources
2016-12-27 20:12:14,314 [Worker-8] INFO  o.e.m.c.i.embedder.EclipseLogger - Using 'UTF-8' encoding to copy filtered resources.
2016-12-27 20:12:14,315 [Worker-8] INFO  o.e.m.c.i.embedder.EclipseLogger - skip non existing resourceDirectory D:\R!cks\NeonWorkspace\SMWorkSpace\ProductFinderMethodReplacement\src\main\resources
2016-12-27 20:12:14,316 [Worker-8] INFO  o.e.m.c.i.embedder.EclipseLogger - Using 'UTF-8' encoding to copy filtered resources.
2016-12-27 20:12:14,316 [Worker-8] INFO  o.e.m.c.i.embedder.EclipseLogger - skip non existing resourceDirectory D:\R!cks\NeonWorkspace\SMWorkSpace\ProductFinderMethodReplacement\src\test\resources
2016-12-27 20:12:35,352 [Worker-9] INFO  o.e.m.c.i.l.LifecycleMappingFactory - Using org.eclipse.m2e.jdt.JarLifecycleMapping lifecycle mapping for MavenProject: com.ricks:ProductFinderMethodReplacement:0.0.1-SNAPSHOT @ D:\R!cks\NeonWorkspace\SMWorkSpace\ProductFinderMethodReplacement\pom.xml.
2016-12-27 20:12:37,001 [Worker-9] INFO  o.e.m.c.i.e.AbstractTransferListenerAdapter - Downloaded https://repo.maven.apache.org/maven2/org/springframework/spring-bean/4.3.4.RELEASE/spring-bean-4.3.4.RELEASE.pom
2016-12-27 20:12:37,006 [Worker-9] WARN  o.e.m.c.i.embedder.EclipseLogger - The POM for org.springframework:spring-bean:jar:4.3.4.RELEASE is missing, no dependency information available
2016-12-27 20:12:37,995 [Worker-9] INFO  o.e.m.c.i.e.AbstractTransferListenerAdapter - Downloaded https://repo.maven.apache.org/maven2/org/springframework/spring-bean/4.3.4.RELEASE/spring-bean-4.3.4.RELEASE.jar
2016-12-27 20:12:38,112 [Worker-8] WARN  o.e.m.c.i.embedder.EclipseLogger - The POM for org.springframework:spring-bean:jar:4.3.4.RELEASE is missing, no dependency information available
2016-12-27 20:12:38,148 [Worker-9] INFO  o.e.m.c.i.embedder.EclipseLogger - Using 'UTF-8' encoding to copy filtered resources.
2016-12-27 20:12:38,148 [Worker-9] INFO  o.e.m.c.i.embedder.EclipseLogger - skip non existing resourceDirectory D:\R!cks\NeonWorkspace\SMWorkSpace\ProductFinderMethodReplacement\src\main\resources
2016-12-27 20:12:38,148 [Worker-8] WARN  o.e.m.c.i.embedder.EclipseLogger - The POM for org.springframework:spring-bean:jar:4.3.4.RELEASE is missing, no dependency information available
2016-12-27 20:12:38,153 [Worker-9] INFO  o.e.m.c.i.embedder.EclipseLogger - Using 'UTF-8' encoding to copy filtered resources.
2016-12-27 20:12:38,153 [Worker-9] INFO  o.e.m.c.i.embedder.EclipseLogger - skip non existing resourceDirectory D:\R!cks\NeonWorkspace\SMWorkSpace\ProductFinderMethodReplacement\src\test\resources
2016-12-27 20:12:49,527 [Worker-8] INFO  o.e.m.c.i.l.LifecycleMappingFactory - Using org.eclipse.m2e.jdt.JarLifecycleMapping lifecycle mapping for MavenProject: com.ricks:ProductFinderMethodReplacement:0.0.1-SNAPSHOT @ D:\R!cks\NeonWorkspace\SMWorkSpace\ProductFinderMethodReplacement\pom.xml.
2016-12-27 20:12:49,657 [Worker-8] INFO  o.e.m.c.i.embedder.EclipseLogger - Using 'UTF-8' encoding to copy filtered resources.
2016-12-27 20:12:49,657 [Worker-8] INFO  o.e.m.c.i.embedder.EclipseLogger - skip non existing resourceDirectory D:\R!cks\NeonWorkspace\SMWorkSpace\ProductFinderMethodReplacement\src\main\resources
2016-12-27 20:12:49,660 [Worker-8] INFO  o.e.m.c.i.embedder.EclipseLogger - Using 'UTF-8' encoding to copy filtered resources.
2016-12-27 20:12:49,660 [Worker-8] INFO  o.e.m.c.i.embedder.EclipseLogger - skip non existing resourceDirectory D:\R!cks\NeonWorkspace\SMWorkSpace\ProductFinderMethodReplacement\src\test\resources
2016-12-27 20:12:50,879 [Worker-4] INFO  o.e.m.c.i.embedder.EclipseLogger - Using 'UTF-8' encoding to copy filtered resources.
2016-12-27 20:12:50,879 [Worker-4] INFO  o.e.m.c.i.embedder.EclipseLogger - skip non existing resourceDirectory D:\R!cks\NeonWorkspace\SMWorkSpace\ProductFinderMethodReplacement\src\main\resources
2016-12-27 20:12:50,880 [Worker-4] INFO  o.e.m.c.i.embedder.EclipseLogger - Using 'UTF-8' encoding to copy filtered resources.
2016-12-27 20:12:50,880 [Worker-4] INFO  o.e.m.c.i.embedder.EclipseLogger - skip non existing resourceDirectory D:\R!cks\NeonWorkspace\SMWorkSpace\ProductFinderMethodReplacement\src\test\resources
2016-12-27 20:12:53,201 [Worker-4] INFO  o.e.m.c.i.l.LifecycleMappingFactory - Using org.eclipse.m2e.jdt.JarLifecycleMapping lifecycle mapping for MavenProject: com.ricks:ProductFinderMethodReplacement:0.0.1-SNAPSHOT @ D:\R!cks\NeonWorkspace\SMWorkSpace\ProductFinderMethodReplacement\pom.xml.
2016-12-27 20:12:53,363 [Worker-4] INFO  o.e.m.c.i.embedder.EclipseLogger - Using 'UTF-8' encoding to copy filtered resources.
2016-12-27 20:12:53,364 [Worker-4] INFO  o.e.m.c.i.embedder.EclipseLogger - skip non existing resourceDirectory D:\R!cks\NeonWorkspace\SMWorkSpace\ProductFinderMethodReplacement\src\main\resources
2016-12-27 20:12:53,366 [Worker-4] INFO  o.e.m.c.i.embedder.EclipseLogger - Using 'UTF-8' encoding to copy filtered resources.
2016-12-27 20:12:53,366 [Worker-4] INFO  o.e.m.c.i.embedder.EclipseLogger - skip non existing resourceDirectory D:\R!cks\NeonWorkspace\SMWorkSpace\ProductFinderMethodReplacement\src\test\resources
2016-12-27 20:16:24,795 [Worker-0] INFO  o.e.m.c.i.l.LifecycleMappingFactory - Using org.eclipse.m2e.jdt.JarLifecycleMapping lifecycle mapping for MavenProject: com.ricks:ProductFinderMethodReplacement:0.0.1-SNAPSHOT @ D:\R!cks\NeonWorkspace\SMWorkSpace\ProductFinderMethodReplacement\pom.xml.
2016-12-27 20:16:25,033 [Worker-0] INFO  o.e.m.c.i.embedder.EclipseLogger - Using 'UTF-8' encoding to copy filtered resources.
2016-12-27 20:16:25,034 [Worker-0] INFO  o.e.m.c.i.embedder.EclipseLogger - skip non existing resourceDirectory D:\R!cks\NeonWorkspace\SMWorkSpace\ProductFinderMethodReplacement\src\main\resources
2016-12-27 20:16:25,037 [Worker-0] INFO  o.e.m.c.i.embedder.EclipseLogger - Using 'UTF-8' encoding to copy filtered resources.
2016-12-27 20:16:25,037 [Worker-0] INFO  o.e.m.c.i.embedder.EclipseLogger - skip non existing resourceDirectory D:\R!cks\NeonWorkspace\SMWorkSpace\ProductFinderMethodReplacement\src\test\resources
2016-12-27 20:16:26,303 [Worker-9] INFO  o.e.m.c.i.embedder.EclipseLogger - Using 'UTF-8' encoding to copy filtered resources.
2016-12-27 20:16:26,304 [Worker-9] INFO  o.e.m.c.i.embedder.EclipseLogger - skip non existing resourceDirectory D:\R!cks\NeonWorkspace\SMWorkSpace\ProductFinderMethodReplacement\src\main\resources
2016-12-27 20:16:26,304 [Worker-9] INFO  o.e.m.c.i.embedder.EclipseLogger - Using 'UTF-8' encoding to copy filtered resources.
2016-12-27 20:16:26,305 [Worker-9] INFO  o.e.m.c.i.embedder.EclipseLogger - skip non existing resourceDirectory D:\R!cks\NeonWorkspace\SMWorkSpace\ProductFinderMethodReplacement\src\test\resources
2016-12-27 20:16:33,181 [Worker-13] INFO  o.e.m.c.i.l.LifecycleMappingFactory - Using org.eclipse.m2e.jdt.JarLifecycleMapping lifecycle mapping for MavenProject: com.ricks:ProductFinderMethodReplacement:0.0.1-SNAPSHOT @ D:\R!cks\NeonWorkspace\SMWorkSpace\ProductFinderMethodReplacement\pom.xml.
2016-12-27 20:16:33,343 [Worker-13] INFO  o.e.m.c.i.embedder.EclipseLogger - Using 'UTF-8' encoding to copy filtered resources.
2016-12-27 20:16:33,343 [Worker-13] INFO  o.e.m.c.i.embedder.EclipseLogger - skip non existing resourceDirectory D:\R!cks\NeonWorkspace\SMWorkSpace\ProductFinderMethodReplacement\src\main\resources
2016-12-27 20:16:33,345 [Worker-13] INFO  o.e.m.c.i.embedder.EclipseLogger - Using 'UTF-8' encoding to copy filtered resources.
2016-12-27 20:16:33,346 [Worker-13] INFO  o.e.m.c.i.embedder.EclipseLogger - skip non existing resourceDirectory D:\R!cks\NeonWorkspace\SMWorkSpace\ProductFinderMethodReplacement\src\test\resources
2016-12-27 20:16:53,735 [Worker-0] INFO  o.e.m.c.i.embedder.EclipseLogger - Using 'UTF-8' encoding to copy filtered resources.
2016-12-27 20:16:53,735 [Worker-0] INFO  o.e.m.c.i.embedder.EclipseLogger - skip non existing resourceDirectory D:\R!cks\NeonWorkspace\SMWorkSpace\ProductFinderMethodReplacement\src\main\resources
2016-12-27 20:16:53,736 [Worker-0] INFO  o.e.m.c.i.embedder.EclipseLogger - Using 'UTF-8' encoding to copy filtered resources.
2016-12-27 20:16:53,736 [Worker-0] INFO  o.e.m.c.i.embedder.EclipseLogger - skip non existing resourceDirectory D:\R!cks\NeonWorkspace\SMWorkSpace\ProductFinderMethodReplacement\src\test\resources
2016-12-27 20:17:37,497 [Worker-14] INFO  o.e.m.c.i.embedder.EclipseLogger - Using 'UTF-8' encoding to copy filtered resources.
2016-12-27 20:17:37,497 [Worker-14] INFO  o.e.m.c.i.embedder.EclipseLogger - skip non existing resourceDirectory D:\R!cks\NeonWorkspace\SMWorkSpace\ProductFinderMethodReplacement\src\main\resources
2016-12-27 20:17:37,498 [Worker-14] INFO  o.e.m.c.i.embedder.EclipseLogger - Using 'UTF-8' encoding to copy filtered resources.
2016-12-27 20:17:37,498 [Worker-14] INFO  o.e.m.c.i.embedder.EclipseLogger - skip non existing resourceDirectory D:\R!cks\NeonWorkspace\SMWorkSpace\ProductFinderMethodReplacement\src\test\resources
2016-12-27 20:18:01,390 [Worker-14] INFO  o.e.m.c.i.embedder.EclipseLogger - Using 'UTF-8' encoding to copy filtered resources.
2016-12-27 20:18:01,391 [Worker-14] INFO  o.e.m.c.i.embedder.EclipseLogger - skip non existing resourceDirectory D:\R!cks\NeonWorkspace\SMWorkSpace\ProductFinderMethodReplacement\src\main\resources
2016-12-27 20:18:01,392 [Worker-14] INFO  o.e.m.c.i.embedder.EclipseLogger - Using 'UTF-8' encoding to copy filtered resources.
2016-12-27 20:18:01,392 [Worker-14] INFO  o.e.m.c.i.embedder.EclipseLogger - skip non existing resourceDirectory D:\R!cks\NeonWorkspace\SMWorkSpace\ProductFinderMethodReplacement\src\test\resources
2016-12-27 20:21:06,099 [Worker-16] INFO  o.e.m.c.i.embedder.EclipseLogger - Using 'UTF-8' encoding to copy filtered resources.
2016-12-27 20:21:06,100 [Worker-16] INFO  o.e.m.c.i.embedder.EclipseLogger - skip non existing resourceDirectory D:\R!cks\NeonWorkspace\SMWorkSpace\ProductFinderMethodReplacement\src\main\resources
2016-12-27 20:21:06,102 [Worker-16] INFO  o.e.m.c.i.embedder.EclipseLogger - Using 'UTF-8' encoding to copy filtered resources.
2016-12-27 20:21:06,102 [Worker-16] INFO  o.e.m.c.i.embedder.EclipseLogger - skip non existing resourceDirectory D:\R!cks\NeonWorkspace\SMWorkSpace\ProductFinderMethodReplacement\src\test\resources
2016-12-27 20:22:34,896 [Worker-17] INFO  o.e.m.c.i.embedder.EclipseLogger - Using 'UTF-8' encoding to copy filtered resources.
2016-12-27 20:22:34,896 [Worker-17] INFO  o.e.m.c.i.embedder.EclipseLogger - skip non existing resourceDirectory D:\R!cks\NeonWorkspace\SMWorkSpace\ProductFinderMethodReplacement\src\main\resources
2016-12-27 20:22:34,898 [Worker-17] INFO  o.e.m.c.i.embedder.EclipseLogger - Using 'UTF-8' encoding to copy filtered resources.
2016-12-27 20:22:34,898 [Worker-17] INFO  o.e.m.c.i.embedder.EclipseLogger - skip non existing resourceDirectory D:\R!cks\NeonWorkspace\SMWorkSpace\ProductFinderMethodReplacement\src\test\resources
2016-12-27 20:24:41,852 [Worker-16] INFO  o.e.m.c.i.embedder.EclipseLogger - Using 'UTF-8' encoding to copy filtered resources.
2016-12-27 20:24:41,852 [Worker-16] INFO  o.e.m.c.i.embedder.EclipseLogger - skip non existing resourceDirectory D:\R!cks\NeonWorkspace\SMWorkSpace\ProductFinderMethodReplacement\src\main\resources
2016-12-27 20:24:41,853 [Worker-16] INFO  o.e.m.c.i.embedder.EclipseLogger - Using 'UTF-8' encoding to copy filtered resources.
2016-12-27 20:24:41,854 [Worker-16] INFO  o.e.m.c.i.embedder.EclipseLogger - skip non existing resourceDirectory D:\R!cks\NeonWorkspace\SMWorkSpace\ProductFinderMethodReplacement\src\test\resources
2016-12-27 20:24:45,550 [Worker-9] INFO  o.e.m.c.i.embedder.EclipseLogger - Using 'UTF-8' encoding to copy filtered resources.
2016-12-27 20:24:45,551 [Worker-9] INFO  o.e.m.c.i.embedder.EclipseLogger - skip non existing resourceDirectory D:\R!cks\NeonWorkspace\SMWorkSpace\ProductFinderMethodReplacement\src\main\resources
2016-12-27 20:24:45,558 [Worker-9] INFO  o.e.m.c.i.embedder.EclipseLogger - Using 'UTF-8' encoding to copy filtered resources.
2016-12-27 20:24:45,558 [Worker-9] INFO  o.e.m.c.i.embedder.EclipseLogger - skip non existing resourceDirectory D:\R!cks\NeonWorkspace\SMWorkSpace\ProductFinderMethodReplacement\src\test\resources
2016-12-27 20:26:07,567 [Worker-16] INFO  o.e.m.c.i.embedder.EclipseLogger - Using 'UTF-8' encoding to copy filtered resources.
2016-12-27 20:26:07,567 [Worker-16] INFO  o.e.m.c.i.embedder.EclipseLogger - skip non existing resourceDirectory D:\R!cks\NeonWorkspace\SMWorkSpace\ProductFinderMethodReplacement\src\main\resources
2016-12-27 20:26:07,570 [Worker-16] INFO  o.e.m.c.i.embedder.EclipseLogger - Using 'UTF-8' encoding to copy filtered resources.
2016-12-27 20:26:07,570 [Worker-16] INFO  o.e.m.c.i.embedder.EclipseLogger - skip non existing resourceDirectory D:\R!cks\NeonWorkspace\SMWorkSpace\ProductFinderMethodReplacement\src\test\resources
2016-12-27 20:26:48,636 [Worker-17] INFO  o.e.m.c.i.embedder.EclipseLogger - Using 'UTF-8' encoding to copy filtered resources.
2016-12-27 20:26:48,636 [Worker-17] INFO  o.e.m.c.i.embedder.EclipseLogger - skip non existing resourceDirectory D:\R!cks\NeonWorkspace\SMWorkSpace\ProductFinderMethodReplacement\src\main\resources
2016-12-27 20:26:48,638 [Worker-17] INFO  o.e.m.c.i.embedder.EclipseLogger - Using 'UTF-8' encoding to copy filtered resources.
2016-12-27 20:26:48,638 [Worker-17] INFO  o.e.m.c.i.embedder.EclipseLogger - skip non existing resourceDirectory D:\R!cks\NeonWorkspace\SMWorkSpace\ProductFinderMethodReplacement\src\test\resources
2016-12-27 20:32:37,977 [Worker-18] INFO  o.e.m.c.i.embedder.EclipseLogger - Using 'UTF-8' encoding to copy filtered resources.
2016-12-27 20:32:37,977 [Worker-18] INFO  o.e.m.c.i.embedder.EclipseLogger - skip non existing resourceDirectory D:\R!cks\NeonWorkspace\SMWorkSpace\ProductFinderMethodReplacement\src\main\resources
2016-12-27 20:32:37,979 [Worker-18] INFO  o.e.m.c.i.embedder.EclipseLogger - Using 'UTF-8' encoding to copy filtered resources.
2016-12-27 20:32:37,979 [Worker-18] INFO  o.e.m.c.i.embedder.EclipseLogger - skip non existing resourceDirectory D:\R!cks\NeonWorkspace\SMWorkSpace\ProductFinderMethodReplacement\src\test\resources
2016-12-27 20:33:59,693 [Worker-17] INFO  o.e.m.c.i.embedder.EclipseLogger - Using 'UTF-8' encoding to copy filtered resources.
2016-12-27 20:33:59,694 [Worker-17] INFO  o.e.m.c.i.embedder.EclipseLogger - skip non existing resourceDirectory D:\R!cks\NeonWorkspace\SMWorkSpace\ProductFinderMethodReplacement\src\main\resources
2016-12-27 20:33:59,697 [Worker-17] INFO  o.e.m.c.i.embedder.EclipseLogger - Using 'UTF-8' encoding to copy filtered resources.
2016-12-27 20:33:59,697 [Worker-17] INFO  o.e.m.c.i.embedder.EclipseLogger - skip non existing resourceDirectory D:\R!cks\NeonWorkspace\SMWorkSpace\ProductFinderMethodReplacement\src\test\resources
2016-12-27 20:34:32,867 [Worker-17] INFO  o.e.m.c.i.embedder.EclipseLogger - Using 'UTF-8' encoding to copy filtered resources.
2016-12-27 20:34:32,868 [Worker-17] INFO  o.e.m.c.i.embedder.EclipseLogger - skip non existing resourceDirectory D:\R!cks\NeonWorkspace\SMWorkSpace\ProductFinderMethodReplacement\src\main\resources
2016-12-27 20:34:32,869 [Worker-17] INFO  o.e.m.c.i.embedder.EclipseLogger - Using 'UTF-8' encoding to copy filtered resources.
2016-12-27 20:34:32,869 [Worker-17] INFO  o.e.m.c.i.embedder.EclipseLogger - skip non existing resourceDirectory D:\R!cks\NeonWorkspace\SMWorkSpace\ProductFinderMethodReplacement\src\test\resources
2016-12-27 20:35:06,087 [Worker-20] INFO  o.e.m.c.i.embedder.EclipseLogger - Using 'UTF-8' encoding to copy filtered resources.
2016-12-27 20:35:06,087 [Worker-20] INFO  o.e.m.c.i.embedder.EclipseLogger - skip non existing resourceDirectory D:\R!cks\NeonWorkspace\SMWorkSpace\ProductFinderMethodReplacement\src\main\resources
2016-12-27 20:35:06,089 [Worker-20] INFO  o.e.m.c.i.embedder.EclipseLogger - Using 'UTF-8' encoding to copy filtered resources.
2016-12-27 20:35:06,089 [Worker-20] INFO  o.e.m.c.i.embedder.EclipseLogger - skip non existing resourceDirectory D:\R!cks\NeonWorkspace\SMWorkSpace\ProductFinderMethodReplacement\src\test\resources
2016-12-27 20:35:41,676 [Worker-20] INFO  o.e.m.c.i.embedder.EclipseLogger - Using 'UTF-8' encoding to copy filtered resources.
2016-12-27 20:35:41,676 [Worker-20] INFO  o.e.m.c.i.embedder.EclipseLogger - skip non existing resourceDirectory D:\R!cks\NeonWorkspace\SMWorkSpace\ProductFinderMethodReplacement\src\main\resources
2016-12-27 20:35:41,678 [Worker-20] INFO  o.e.m.c.i.embedder.EclipseLogger - Using 'UTF-8' encoding to copy filtered resources.
2016-12-27 20:35:41,678 [Worker-20] INFO  o.e.m.c.i.embedder.EclipseLogger - skip non existing resourceDirectory D:\R!cks\NeonWorkspace\SMWorkSpace\ProductFinderMethodReplacement\src\test\resources
2016-12-27 20:38:24,283 [Worker-24] INFO  o.e.m.c.i.embedder.EclipseLogger - Using 'UTF-8' encoding to copy filtered resources.
2016-12-27 20:38:24,284 [Worker-24] INFO  o.e.m.c.i.embedder.EclipseLogger - skip non existing resourceDirectory D:\R!cks\NeonWorkspace\SMWorkSpace\ProductFinderMethodReplacement\src\main\resources
2016-12-27 20:38:24,290 [Worker-24] INFO  o.e.m.c.i.embedder.EclipseLogger - Using 'UTF-8' encoding to copy filtered resources.
2016-12-27 20:38:24,290 [Worker-24] INFO  o.e.m.c.i.embedder.EclipseLogger - skip non existing resourceDirectory D:\R!cks\NeonWorkspace\SMWorkSpace\ProductFinderMethodReplacement\src\test\resources
2016-12-27 20:38:37,805 [Worker-23] INFO  o.e.m.c.i.embedder.EclipseLogger - Using 'UTF-8' encoding to copy filtered resources.
2016-12-27 20:38:37,806 [Worker-23] INFO  o.e.m.c.i.embedder.EclipseLogger - skip non existing resourceDirectory D:\R!cks\NeonWorkspace\SMWorkSpace\ProductFinderMethodReplacement\src\main\resources
2016-12-27 20:38:37,809 [Worker-23] INFO  o.e.m.c.i.embedder.EclipseLogger - Using 'UTF-8' encoding to copy filtered resources.
2016-12-27 20:38:37,809 [Worker-23] INFO  o.e.m.c.i.embedder.EclipseLogger - skip non existing resourceDirectory D:\R!cks\NeonWorkspace\SMWorkSpace\ProductFinderMethodReplacement\src\test\resources
2016-12-27 20:38:44,030 [Worker-24] INFO  o.e.m.c.i.embedder.EclipseLogger - Using 'UTF-8' encoding to copy filtered resources.
2016-12-27 20:38:44,030 [Worker-24] INFO  o.e.m.c.i.embedder.EclipseLogger - skip non existing resourceDirectory D:\R!cks\NeonWorkspace\SMWorkSpace\ProductFinderMethodReplacement\src\main\resources
2016-12-27 20:38:44,031 [Worker-24] INFO  o.e.m.c.i.embedder.EclipseLogger - Using 'UTF-8' encoding to copy filtered resources.
2016-12-27 20:38:44,032 [Worker-24] INFO  o.e.m.c.i.embedder.EclipseLogger - skip non existing resourceDirectory D:\R!cks\NeonWorkspace\SMWorkSpace\ProductFinderMethodReplacement\src\test\resources
2016-12-27 20:43:38,708 [Worker-19] INFO  o.e.m.c.i.embedder.EclipseLogger - Using 'UTF-8' encoding to copy filtered resources.
2016-12-27 20:43:38,708 [Worker-19] INFO  o.e.m.c.i.embedder.EclipseLogger - skip non existing resourceDirectory D:\R!cks\NeonWorkspace\SMWorkSpace\ProductFinderMethodReplacement\src\main\resources
2016-12-27 20:43:38,711 [Worker-19] INFO  o.e.m.c.i.embedder.EclipseLogger - Using 'UTF-8' encoding to copy filtered resources.
2016-12-27 20:43:38,711 [Worker-19] INFO  o.e.m.c.i.embedder.EclipseLogger - skip non existing resourceDirectory D:\R!cks\NeonWorkspace\SMWorkSpace\ProductFinderMethodReplacement\src\test\resources
2016-12-27 20:46:10,922 [Worker-17] INFO  o.e.m.c.i.embedder.EclipseLogger - Using 'UTF-8' encoding to copy filtered resources.
2016-12-27 20:46:10,923 [Worker-17] INFO  o.e.m.c.i.embedder.EclipseLogger - skip non existing resourceDirectory D:\R!cks\NeonWorkspace\SMWorkSpace\ProductFinderMethodReplacement\src\main\resources
2016-12-27 20:46:10,924 [Worker-17] INFO  o.e.m.c.i.embedder.EclipseLogger - Using 'UTF-8' encoding to copy filtered resources.
2016-12-27 20:46:10,924 [Worker-17] INFO  o.e.m.c.i.embedder.EclipseLogger - skip non existing resourceDirectory D:\R!cks\NeonWorkspace\SMWorkSpace\ProductFinderMethodReplacement\src\test\resources
2016-12-27 20:47:15,010 [Worker-17] INFO  o.e.m.c.i.embedder.EclipseLogger - Using 'UTF-8' encoding to copy filtered resources.
2016-12-27 20:47:15,012 [Worker-17] INFO  o.e.m.c.i.embedder.EclipseLogger - skip non existing resourceDirectory D:\R!cks\NeonWorkspace\SMWorkSpace\ProductFinderMethodReplacement\src\main\resources
2016-12-27 20:47:15,014 [Worker-17] INFO  o.e.m.c.i.embedder.EclipseLogger - Using 'UTF-8' encoding to copy filtered resources.
2016-12-27 20:47:15,014 [Worker-17] INFO  o.e.m.c.i.embedder.EclipseLogger - skip non existing resourceDirectory D:\R!cks\NeonWorkspace\SMWorkSpace\ProductFinderMethodReplacement\src\test\resources
2016-12-27 20:50:04,586 [Worker-26] INFO  o.e.m.c.i.embedder.EclipseLogger - Using 'UTF-8' encoding to copy filtered resources.
2016-12-27 20:50:04,586 [Worker-26] INFO  o.e.m.c.i.embedder.EclipseLogger - skip non existing resourceDirectory D:\R!cks\NeonWorkspace\SMWorkSpace\ProductFinderMethodReplacement\src\main\resources
2016-12-27 20:50:04,587 [Worker-26] INFO  o.e.m.c.i.embedder.EclipseLogger - Using 'UTF-8' encoding to copy filtered resources.
2016-12-27 20:50:04,587 [Worker-26] INFO  o.e.m.c.i.embedder.EclipseLogger - skip non existing resourceDirectory D:\R!cks\NeonWorkspace\SMWorkSpace\ProductFinderMethodReplacement\src\test\resources
2016-12-27 20:50:08,048 [Worker-19] INFO  o.e.m.c.i.embedder.EclipseLogger - Using 'UTF-8' encoding to copy filtered resources.
2016-12-27 20:50:08,048 [Worker-19] INFO  o.e.m.c.i.embedder.EclipseLogger - skip non existing resourceDirectory D:\R!cks\NeonWorkspace\SMWorkSpace\ProductFinderMethodReplacement\src\main\resources
2016-12-27 20:50:08,050 [Worker-19] INFO  o.e.m.c.i.embedder.EclipseLogger - Using 'UTF-8' encoding to copy filtered resources.
2016-12-27 20:50:08,050 [Worker-19] INFO  o.e.m.c.i.embedder.EclipseLogger - skip non existing resourceDirectory D:\R!cks\NeonWorkspace\SMWorkSpace\ProductFinderMethodReplacement\src\test\resources
2016-12-27 20:52:14,684 [Worker-17] INFO  o.e.m.c.i.embedder.EclipseLogger - Using 'UTF-8' encoding to copy filtered resources.
2016-12-27 20:52:14,684 [Worker-17] INFO  o.e.m.c.i.embedder.EclipseLogger - skip non existing resourceDirectory D:\R!cks\NeonWorkspace\SMWorkSpace\ProductFinderMethodReplacement\src\main\resources
2016-12-27 20:52:14,686 [Worker-17] INFO  o.e.m.c.i.embedder.EclipseLogger - Using 'UTF-8' encoding to copy filtered resources.
2016-12-27 20:52:14,686 [Worker-17] INFO  o.e.m.c.i.embedder.EclipseLogger - skip non existing resourceDirectory D:\R!cks\NeonWorkspace\SMWorkSpace\ProductFinderMethodReplacement\src\test\resources
2016-12-27 20:52:45,620 [Worker-19] INFO  o.e.m.c.i.embedder.EclipseLogger - Using 'UTF-8' encoding to copy filtered resources.
2016-12-27 20:52:45,621 [Worker-19] INFO  o.e.m.c.i.embedder.EclipseLogger - skip non existing resourceDirectory D:\R!cks\NeonWorkspace\SMWorkSpace\ProductFinderMethodReplacement\src\main\resources
2016-12-27 20:52:45,623 [Worker-19] INFO  o.e.m.c.i.embedder.EclipseLogger - Using 'UTF-8' encoding to copy filtered resources.
2016-12-27 20:52:45,624 [Worker-19] INFO  o.e.m.c.i.embedder.EclipseLogger - skip non existing resourceDirectory D:\R!cks\NeonWorkspace\SMWorkSpace\ProductFinderMethodReplacement\src\test\resources
2016-12-27 20:54:17,179 [Worker-17] INFO  o.e.m.c.i.embedder.EclipseLogger - Using 'UTF-8' encoding to copy filtered resources.
2016-12-27 20:54:17,180 [Worker-17] INFO  o.e.m.c.i.embedder.EclipseLogger - skip non existing resourceDirectory D:\R!cks\NeonWorkspace\SMWorkSpace\ProductFinderMethodReplacement\src\main\resources
2016-12-27 20:54:17,182 [Worker-17] INFO  o.e.m.c.i.embedder.EclipseLogger - Using 'UTF-8' encoding to copy filtered resources.
2016-12-27 20:54:17,182 [Worker-17] INFO  o.e.m.c.i.embedder.EclipseLogger - skip non existing resourceDirectory D:\R!cks\NeonWorkspace\SMWorkSpace\ProductFinderMethodReplacement\src\test\resources
2016-12-27 20:54:22,576 [Worker-28] INFO  o.e.m.c.i.embedder.EclipseLogger - Using 'UTF-8' encoding to copy filtered resources.
2016-12-27 20:54:22,576 [Worker-28] INFO  o.e.m.c.i.embedder.EclipseLogger - skip non existing resourceDirectory D:\R!cks\NeonWorkspace\SMWorkSpace\ProductFinderMethodReplacement\src\main\resources
2016-12-27 20:54:22,578 [Worker-28] INFO  o.e.m.c.i.embedder.EclipseLogger - Using 'UTF-8' encoding to copy filtered resources.
2016-12-27 20:54:22,578 [Worker-28] INFO  o.e.m.c.i.embedder.EclipseLogger - skip non existing resourceDirectory D:\R!cks\NeonWorkspace\SMWorkSpace\ProductFinderMethodReplacement\src\test\resources
2016-12-27 20:54:48,219 [Worker-19] INFO  o.e.m.c.i.embedder.EclipseLogger - Using 'UTF-8' encoding to copy filtered resources.
2016-12-27 20:54:48,219 [Worker-19] INFO  o.e.m.c.i.embedder.EclipseLogger - skip non existing resourceDirectory D:\R!cks\NeonWorkspace\SMWorkSpace\ProductFinderMethodReplacement\src\main\resources
2016-12-27 20:54:48,221 [Worker-19] INFO  o.e.m.c.i.embedder.EclipseLogger - Using 'UTF-8' encoding to copy filtered resources.
2016-12-27 20:54:48,222 [Worker-19] INFO  o.e.m.c.i.embedder.EclipseLogger - skip non existing resourceDirectory D:\R!cks\NeonWorkspace\SMWorkSpace\ProductFinderMethodReplacement\src\test\resources
2016-12-27 20:55:58,740 [Worker-28] INFO  o.e.m.c.i.embedder.EclipseLogger - Using 'UTF-8' encoding to copy filtered resources.
2016-12-27 20:55:58,740 [Worker-28] INFO  o.e.m.c.i.embedder.EclipseLogger - skip non existing resourceDirectory D:\R!cks\NeonWorkspace\SMWorkSpace\ProductFinderMethodReplacement\src\main\resources
2016-12-27 20:55:58,742 [Worker-28] INFO  o.e.m.c.i.embedder.EclipseLogger - Using 'UTF-8' encoding to copy filtered resources.
2016-12-27 20:55:58,742 [Worker-28] INFO  o.e.m.c.i.embedder.EclipseLogger - skip non existing resourceDirectory D:\R!cks\NeonWorkspace\SMWorkSpace\ProductFinderMethodReplacement\src\test\resources
2016-12-27 20:56:11,089 [Worker-19] INFO  o.e.m.c.i.embedder.EclipseLogger - Using 'UTF-8' encoding to copy filtered resources.
2016-12-27 20:56:11,089 [Worker-19] INFO  o.e.m.c.i.embedder.EclipseLogger - skip non existing resourceDirectory D:\R!cks\NeonWorkspace\SMWorkSpace\ProductFinderMethodReplacement\src\main\resources
2016-12-27 20:56:11,090 [Worker-19] INFO  o.e.m.c.i.embedder.EclipseLogger - Using 'UTF-8' encoding to copy filtered resources.
2016-12-27 20:56:11,090 [Worker-19] INFO  o.e.m.c.i.embedder.EclipseLogger - skip non existing resourceDirectory D:\R!cks\NeonWorkspace\SMWorkSpace\ProductFinderMethodReplacement\src\test\resources
2016-12-27 20:59:54,913 [Worker-28] INFO  o.e.m.c.i.embedder.EclipseLogger - Using 'UTF-8' encoding to copy filtered resources.
2016-12-27 20:59:54,913 [Worker-28] INFO  o.e.m.c.i.embedder.EclipseLogger - skip non existing resourceDirectory D:\R!cks\NeonWorkspace\SMWorkSpace\ProductFinderMethodReplacement\src\main\resources
2016-12-27 20:59:54,915 [Worker-28] INFO  o.e.m.c.i.embedder.EclipseLogger - Using 'UTF-8' encoding to copy filtered resources.
2016-12-27 20:59:54,915 [Worker-28] INFO  o.e.m.c.i.embedder.EclipseLogger - skip non existing resourceDirectory D:\R!cks\NeonWorkspace\SMWorkSpace\ProductFinderMethodReplacement\src\test\resources
2016-12-27 21:00:37,416 [Worker-31] INFO  o.e.m.c.i.embedder.EclipseLogger - Using 'UTF-8' encoding to copy filtered resources.
2016-12-27 21:00:37,416 [Worker-31] INFO  o.e.m.c.i.embedder.EclipseLogger - skip non existing resourceDirectory D:\R!cks\NeonWorkspace\SMWorkSpace\ProductFinderMethodReplacement\src\main\resources
2016-12-27 21:00:37,418 [Worker-31] INFO  o.e.m.c.i.embedder.EclipseLogger - Using 'UTF-8' encoding to copy filtered resources.
2016-12-27 21:00:37,418 [Worker-31] INFO  o.e.m.c.i.embedder.EclipseLogger - skip non existing resourceDirectory D:\R!cks\NeonWorkspace\SMWorkSpace\ProductFinderMethodReplacement\src\test\resources
2016-12-27 21:01:26,721 [Worker-17] INFO  o.e.m.c.i.embedder.EclipseLogger - Using 'UTF-8' encoding to copy filtered resources.
2016-12-27 21:01:26,722 [Worker-17] INFO  o.e.m.c.i.embedder.EclipseLogger - skip non existing resourceDirectory D:\R!cks\NeonWorkspace\SMWorkSpace\ProductFinderMethodReplacement\src\main\resources
2016-12-27 21:01:26,723 [Worker-17] INFO  o.e.m.c.i.embedder.EclipseLogger - Using 'UTF-8' encoding to copy filtered resources.
2016-12-27 21:01:26,723 [Worker-17] INFO  o.e.m.c.i.embedder.EclipseLogger - skip non existing resourceDirectory D:\R!cks\NeonWorkspace\SMWorkSpace\ProductFinderMethodReplacement\src\test\resources
2016-12-27 21:03:36,087 [Worker-19] INFO  o.e.m.c.i.embedder.EclipseLogger - Using 'UTF-8' encoding to copy filtered resources.
2016-12-27 21:03:36,088 [Worker-19] INFO  o.e.m.c.i.embedder.EclipseLogger - skip non existing resourceDirectory D:\R!cks\NeonWorkspace\SMWorkSpace\ProductFinderMethodReplacement\src\main\resources
2016-12-27 21:03:36,090 [Worker-19] INFO  o.e.m.c.i.embedder.EclipseLogger - Using 'UTF-8' encoding to copy filtered resources.
2016-12-27 21:03:36,090 [Worker-19] INFO  o.e.m.c.i.embedder.EclipseLogger - skip non existing resourceDirectory D:\R!cks\NeonWorkspace\SMWorkSpace\ProductFinderMethodReplacement\src\test\resources
2016-12-27 21:03:59,012 [Worker-17] INFO  o.e.m.c.i.embedder.EclipseLogger - Using 'UTF-8' encoding to copy filtered resources.
2016-12-27 21:03:59,012 [Worker-17] INFO  o.e.m.c.i.embedder.EclipseLogger - skip non existing resourceDirectory D:\R!cks\NeonWorkspace\SMWorkSpace\ProductFinderMethodReplacement\src\main\resources
2016-12-27 21:03:59,013 [Worker-17] INFO  o.e.m.c.i.embedder.EclipseLogger - Using 'UTF-8' encoding to copy filtered resources.
2016-12-27 21:03:59,014 [Worker-17] INFO  o.e.m.c.i.embedder.EclipseLogger - skip non existing resourceDirectory D:\R!cks\NeonWorkspace\SMWorkSpace\ProductFinderMethodReplacement\src\test\resources
2016-12-27 21:05:13,709 [Worker-24] INFO  o.e.m.c.i.embedder.EclipseLogger - Using 'UTF-8' encoding to copy filtered resources.
2016-12-27 21:05:13,709 [Worker-24] INFO  o.e.m.c.i.embedder.EclipseLogger - skip non existing resourceDirectory D:\R!cks\NeonWorkspace\SMWorkSpace\ProductFinderMethodReplacement\src\main\resources
2016-12-27 21:05:13,716 [Worker-24] INFO  o.e.m.c.i.embedder.EclipseLogger - Using 'UTF-8' encoding to copy filtered resources.
2016-12-27 21:05:13,716 [Worker-24] INFO  o.e.m.c.i.embedder.EclipseLogger - skip non existing resourceDirectory D:\R!cks\NeonWorkspace\SMWorkSpace\ProductFinderMethodReplacement\src\test\resources
2016-12-27 21:05:35,668 [Worker-31] INFO  o.e.m.c.i.embedder.EclipseLogger - Using 'UTF-8' encoding to copy filtered resources.
2016-12-27 21:05:35,668 [Worker-31] INFO  o.e.m.c.i.embedder.EclipseLogger - skip non existing resourceDirectory D:\R!cks\NeonWorkspace\SMWorkSpace\ProductFinderMethodReplacement\src\main\resources
2016-12-27 21:05:35,669 [Worker-31] INFO  o.e.m.c.i.embedder.EclipseLogger - Using 'UTF-8' encoding to copy filtered resources.
2016-12-27 21:05:35,669 [Worker-31] INFO  o.e.m.c.i.embedder.EclipseLogger - skip non existing resourceDirectory D:\R!cks\NeonWorkspace\SMWorkSpace\ProductFinderMethodReplacement\src\test\resources
2016-12-27 21:05:57,747 [Worker-28] INFO  o.e.m.c.i.embedder.EclipseLogger - Using 'UTF-8' encoding to copy filtered resources.
2016-12-27 21:05:57,747 [Worker-28] INFO  o.e.m.c.i.embedder.EclipseLogger - skip non existing resourceDirectory D:\R!cks\NeonWorkspace\SMWorkSpace\ProductFinderMethodReplacement\src\main\resources
2016-12-27 21:05:57,749 [Worker-28] INFO  o.e.m.c.i.embedder.EclipseLogger - Using 'UTF-8' encoding to copy filtered resources.
2016-12-27 21:05:57,749 [Worker-28] INFO  o.e.m.c.i.embedder.EclipseLogger - skip non existing resourceDirectory D:\R!cks\NeonWorkspace\SMWorkSpace\ProductFinderMethodReplacement\src\test\resources
2016-12-27 21:06:11,480 [Worker-31] INFO  o.e.m.c.i.embedder.EclipseLogger - Using 'UTF-8' encoding to copy filtered resources.
2016-12-27 21:06:11,480 [Worker-31] INFO  o.e.m.c.i.embedder.EclipseLogger - skip non existing resourceDirectory D:\R!cks\NeonWorkspace\SMWorkSpace\ProductFinderMethodReplacement\src\main\resources
2016-12-27 21:06:11,482 [Worker-31] INFO  o.e.m.c.i.embedder.EclipseLogger - Using 'UTF-8' encoding to copy filtered resources.
2016-12-27 21:06:11,482 [Worker-31] INFO  o.e.m.c.i.embedder.EclipseLogger - skip non existing resourceDirectory D:\R!cks\NeonWorkspace\SMWorkSpace\ProductFinderMethodReplacement\src\test\resources
2016-12-27 21:06:17,261 [Worker-28] INFO  o.e.m.c.i.embedder.EclipseLogger - Using 'UTF-8' encoding to copy filtered resources.
2016-12-27 21:06:17,261 [Worker-28] INFO  o.e.m.c.i.embedder.EclipseLogger - skip non existing resourceDirectory D:\R!cks\NeonWorkspace\SMWorkSpace\ProductFinderMethodReplacement\src\main\resources
2016-12-27 21:06:17,262 [Worker-28] INFO  o.e.m.c.i.embedder.EclipseLogger - Using 'UTF-8' encoding to copy filtered resources.
2016-12-27 21:06:17,262 [Worker-28] INFO  o.e.m.c.i.embedder.EclipseLogger - skip non existing resourceDirectory D:\R!cks\NeonWorkspace\SMWorkSpace\ProductFinderMethodReplacement\src\test\resources
2016-12-27 21:06:25,557 [Worker-19] INFO  o.e.m.c.i.embedder.EclipseLogger - Using 'UTF-8' encoding to copy filtered resources.
2016-12-27 21:06:25,557 [Worker-19] INFO  o.e.m.c.i.embedder.EclipseLogger - skip non existing resourceDirectory D:\R!cks\NeonWorkspace\SMWorkSpace\ProductFinderMethodReplacement\src\main\resources
2016-12-27 21:06:25,560 [Worker-19] INFO  o.e.m.c.i.embedder.EclipseLogger - Using 'UTF-8' encoding to copy filtered resources.
2016-12-27 21:06:25,560 [Worker-19] INFO  o.e.m.c.i.embedder.EclipseLogger - skip non existing resourceDirectory D:\R!cks\NeonWorkspace\SMWorkSpace\ProductFinderMethodReplacement\src\test\resources
2016-12-28 11:22:30,825 [Worker-14] INFO  o.e.m.c.i.embedder.EclipseLogger - Using 'UTF-8' encoding to copy filtered resources.
2016-12-28 11:22:30,843 [Worker-14] INFO  o.e.m.c.i.embedder.EclipseLogger - skip non existing resourceDirectory D:\R!cks\NeonWorkspace\SMWorkSpace\ProductFinderMethodReplacement\src\main\resources
2016-12-28 11:22:30,847 [Worker-14] INFO  o.e.m.c.i.embedder.EclipseLogger - Using 'UTF-8' encoding to copy filtered resources.
2016-12-28 11:22:30,847 [Worker-14] INFO  o.e.m.c.i.embedder.EclipseLogger - skip non existing resourceDirectory D:\R!cks\NeonWorkspace\SMWorkSpace\ProductFinderMethodReplacement\src\test\resources
2016-12-28 11:26:50,249 [Worker-20] INFO  o.e.m.c.i.embedder.EclipseLogger - Using 'UTF-8' encoding to copy filtered resources.
2016-12-28 11:26:50,249 [Worker-20] INFO  o.e.m.c.i.embedder.EclipseLogger - skip non existing resourceDirectory D:\R!cks\NeonWorkspace\SMWorkSpace\ProductFinderMethodReplacement\src\main\resources
2016-12-28 11:26:50,251 [Worker-20] INFO  o.e.m.c.i.embedder.EclipseLogger - Using 'UTF-8' encoding to copy filtered resources.
2016-12-28 11:26:50,251 [Worker-20] INFO  o.e.m.c.i.embedder.EclipseLogger - skip non existing resourceDirectory D:\R!cks\NeonWorkspace\SMWorkSpace\ProductFinderMethodReplacement\src\test\resources
2016-12-28 11:27:31,715 [Worker-18] INFO  o.e.m.c.i.embedder.EclipseLogger - Using 'UTF-8' encoding to copy filtered resources.
2016-12-28 11:27:31,716 [Worker-18] INFO  o.e.m.c.i.embedder.EclipseLogger - skip non existing resourceDirectory D:\R!cks\NeonWorkspace\SMWorkSpace\ProductFinderMethodReplacement\src\main\resources
2016-12-28 11:27:31,718 [Worker-18] INFO  o.e.m.c.i.embedder.EclipseLogger - Using 'UTF-8' encoding to copy filtered resources.
2016-12-28 11:27:31,718 [Worker-18] INFO  o.e.m.c.i.embedder.EclipseLogger - skip non existing resourceDirectory D:\R!cks\NeonWorkspace\SMWorkSpace\ProductFinderMethodReplacement\src\test\resources
2016-12-28 11:28:17,067 [Worker-20] INFO  o.e.m.c.i.l.LifecycleMappingFactory - Using org.eclipse.m2e.jdt.JarLifecycleMapping lifecycle mapping for MavenProject: com.ricks:ProductFinderMethodReplacement:0.0.1-SNAPSHOT @ D:\R!cks\NeonWorkspace\SMWorkSpace\ProductFinderMethodReplacement\pom.xml.
2016-12-28 11:28:17,465 [Worker-20] INFO  o.e.m.c.i.embedder.EclipseLogger - Using 'UTF-8' encoding to copy filtered resources.
2016-12-28 11:28:17,465 [Worker-20] INFO  o.e.m.c.i.embedder.EclipseLogger - skip non existing resourceDirectory D:\R!cks\NeonWorkspace\SMWorkSpace\ProductFinderMethodReplacement\src\main\resources
2016-12-28 11:28:17,468 [Worker-20] INFO  o.e.m.c.i.embedder.EclipseLogger - Using 'UTF-8' encoding to copy filtered resources.
2016-12-28 11:28:17,468 [Worker-20] INFO  o.e.m.c.i.embedder.EclipseLogger - skip non existing resourceDirectory D:\R!cks\NeonWorkspace\SMWorkSpace\ProductFinderMethodReplacement\src\test\resources
2016-12-28 11:28:18,948 [Worker-18] INFO  o.e.m.c.i.embedder.EclipseLogger - Using 'UTF-8' encoding to copy filtered resources.
2016-12-28 11:28:18,948 [Worker-18] INFO  o.e.m.c.i.embedder.EclipseLogger - skip non existing resourceDirectory D:\R!cks\NeonWorkspace\SMWorkSpace\ProductFinderMethodReplacement\src\main\resources
2016-12-28 11:28:18,949 [Worker-18] INFO  o.e.m.c.i.embedder.EclipseLogger - Using 'UTF-8' encoding to copy filtered resources.
2016-12-28 11:28:18,949 [Worker-18] INFO  o.e.m.c.i.embedder.EclipseLogger - skip non existing resourceDirectory D:\R!cks\NeonWorkspace\SMWorkSpace\ProductFinderMethodReplacement\src\test\resources
2016-12-28 11:28:23,951 [Worker-18] INFO  o.e.m.c.i.l.LifecycleMappingFactory - Using org.eclipse.m2e.jdt.JarLifecycleMapping lifecycle mapping for MavenProject: com.ricks:ProductFinderMethodReplacement:0.0.1-SNAPSHOT @ D:\R!cks\NeonWorkspace\SMWorkSpace\ProductFinderMethodReplacement\pom.xml.
2016-12-28 11:28:24,093 [Worker-18] INFO  o.e.m.c.i.embedder.EclipseLogger - Using 'UTF-8' encoding to copy filtered resources.
2016-12-28 11:28:24,093 [Worker-18] INFO  o.e.m.c.i.embedder.EclipseLogger - skip non existing resourceDirectory D:\R!cks\NeonWorkspace\SMWorkSpace\ProductFinderMethodReplacement\src\main\resources
2016-12-28 11:28:24,096 [Worker-18] INFO  o.e.m.c.i.embedder.EclipseLogger - Using 'UTF-8' encoding to copy filtered resources.
2016-12-28 11:28:24,096 [Worker-18] INFO  o.e.m.c.i.embedder.EclipseLogger - skip non existing resourceDirectory D:\R!cks\NeonWorkspace\SMWorkSpace\ProductFinderMethodReplacement\src\test\resources
2016-12-28 11:28:25,391 [Worker-16] INFO  o.e.m.c.i.embedder.EclipseLogger - Using 'UTF-8' encoding to copy filtered resources.
2016-12-28 11:28:25,391 [Worker-16] INFO  o.e.m.c.i.embedder.EclipseLogger - skip non existing resourceDirectory D:\R!cks\NeonWorkspace\SMWorkSpace\ProductFinderMethodReplacement\src\main\resources
2016-12-28 11:28:25,393 [Worker-16] INFO  o.e.m.c.i.embedder.EclipseLogger - Using 'UTF-8' encoding to copy filtered resources.
2016-12-28 11:28:25,393 [Worker-16] INFO  o.e.m.c.i.embedder.EclipseLogger - skip non existing resourceDirectory D:\R!cks\NeonWorkspace\SMWorkSpace\ProductFinderMethodReplacement\src\test\resources
2016-12-28 11:31:23,541 [Worker-15] INFO  o.e.m.c.i.embedder.EclipseLogger - Using 'UTF-8' encoding to copy filtered resources.
2016-12-28 11:31:23,541 [Worker-15] INFO  o.e.m.c.i.embedder.EclipseLogger - skip non existing resourceDirectory D:\R!cks\NeonWorkspace\SMWorkSpace\ProductFinderMethodReplacement\src\main\resources
2016-12-28 11:31:23,544 [Worker-15] INFO  o.e.m.c.i.embedder.EclipseLogger - Using 'UTF-8' encoding to copy filtered resources.
2016-12-28 11:31:23,544 [Worker-15] INFO  o.e.m.c.i.embedder.EclipseLogger - skip non existing resourceDirectory D:\R!cks\NeonWorkspace\SMWorkSpace\ProductFinderMethodReplacement\src\test\resources
2016-12-28 11:32:07,528 [Worker-19] INFO  o.e.m.c.i.embedder.EclipseLogger - Using 'UTF-8' encoding to copy filtered resources.
2016-12-28 11:32:07,528 [Worker-19] INFO  o.e.m.c.i.embedder.EclipseLogger - skip non existing resourceDirectory D:\R!cks\NeonWorkspace\SMWorkSpace\ProductFinderMethodReplacement\src\main\resources
2016-12-28 11:32:07,530 [Worker-19] INFO  o.e.m.c.i.embedder.EclipseLogger - Using 'UTF-8' encoding to copy filtered resources.
2016-12-28 11:32:07,530 [Worker-19] INFO  o.e.m.c.i.embedder.EclipseLogger - skip non existing resourceDirectory D:\R!cks\NeonWorkspace\SMWorkSpace\ProductFinderMethodReplacement\src\test\resources
2016-12-28 11:32:13,016 [Worker-19] INFO  o.e.m.c.i.embedder.EclipseLogger - Using 'UTF-8' encoding to copy filtered resources.
2016-12-28 11:32:13,017 [Worker-19] INFO  o.e.m.c.i.embedder.EclipseLogger - skip non existing resourceDirectory D:\R!cks\NeonWorkspace\SMWorkSpace\ProductFinderMethodReplacement\src\main\resources
2016-12-28 11:32:13,019 [Worker-19] INFO  o.e.m.c.i.embedder.EclipseLogger - Using 'UTF-8' encoding to copy filtered resources.
2016-12-28 11:32:13,019 [Worker-19] INFO  o.e.m.c.i.embedder.EclipseLogger - skip non existing resourceDirectory D:\R!cks\NeonWorkspace\SMWorkSpace\ProductFinderMethodReplacement\src\test\resources
2016-12-28 11:33:43,516 [Worker-19] INFO  o.e.m.c.i.embedder.EclipseLogger - Using 'UTF-8' encoding to copy filtered resources.
2016-12-28 11:33:43,516 [Worker-19] INFO  o.e.m.c.i.embedder.EclipseLogger - skip non existing resourceDirectory D:\R!cks\NeonWorkspace\SMWorkSpace\ProductFinderMethodReplacement\src\main\resources
2016-12-28 11:33:43,518 [Worker-19] INFO  o.e.m.c.i.embedder.EclipseLogger - Using 'UTF-8' encoding to copy filtered resources.
2016-12-28 11:33:43,518 [Worker-19] INFO  o.e.m.c.i.embedder.EclipseLogger - skip non existing resourceDirectory D:\R!cks\NeonWorkspace\SMWorkSpace\ProductFinderMethodReplacement\src\test\resources
2016-12-28 11:34:00,847 [Worker-15] INFO  o.e.m.c.i.embedder.EclipseLogger - Using 'UTF-8' encoding to copy filtered resources.
2016-12-28 11:34:00,847 [Worker-15] INFO  o.e.m.c.i.embedder.EclipseLogger - skip non existing resourceDirectory D:\R!cks\NeonWorkspace\SMWorkSpace\ProductFinderMethodReplacement\src\main\resources
2016-12-28 11:34:00,849 [Worker-15] INFO  o.e.m.c.i.embedder.EclipseLogger - Using 'UTF-8' encoding to copy filtered resources.
2016-12-28 11:34:00,849 [Worker-15] INFO  o.e.m.c.i.embedder.EclipseLogger - skip non existing resourceDirectory D:\R!cks\NeonWorkspace\SMWorkSpace\ProductFinderMethodReplacement\src\test\resources
2016-12-28 11:40:49,972 [Worker-26] INFO  o.e.m.c.i.embedder.EclipseLogger - Using 'UTF-8' encoding to copy filtered resources.
2016-12-28 11:40:49,972 [Worker-26] INFO  o.e.m.c.i.embedder.EclipseLogger - skip non existing resourceDirectory D:\R!cks\NeonWorkspace\SMWorkSpace\ProductFinderMethodReplacement\src\main\resources
2016-12-28 11:40:49,976 [Worker-26] INFO  o.e.m.c.i.embedder.EclipseLogger - Using 'UTF-8' encoding to copy filtered resources.
2016-12-28 11:40:49,976 [Worker-26] INFO  o.e.m.c.i.embedder.EclipseLogger - skip non existing resourceDirectory D:\R!cks\NeonWorkspace\SMWorkSpace\ProductFinderMethodReplacement\src\test\resources
2016-12-28 11:40:59,553 [Worker-23] INFO  o.e.m.c.i.embedder.EclipseLogger - Using 'UTF-8' encoding to copy filtered resources.
2016-12-28 11:40:59,554 [Worker-23] INFO  o.e.m.c.i.embedder.EclipseLogger - skip non existing resourceDirectory D:\R!cks\NeonWorkspace\SMWorkSpace\ProductFinderMethodReplacement\src\main\resources
2016-12-28 11:40:59,556 [Worker-23] INFO  o.e.m.c.i.embedder.EclipseLogger - Using 'UTF-8' encoding to copy filtered resources.
2016-12-28 11:40:59,556 [Worker-23] INFO  o.e.m.c.i.embedder.EclipseLogger - skip non existing resourceDirectory D:\R!cks\NeonWorkspace\SMWorkSpace\ProductFinderMethodReplacement\src\test\resources
2016-12-28 11:41:09,840 [Worker-23] INFO  o.e.m.c.i.embedder.EclipseLogger - Using 'UTF-8' encoding to copy filtered resources.
2016-12-28 11:41:09,840 [Worker-23] INFO  o.e.m.c.i.embedder.EclipseLogger - skip non existing resourceDirectory D:\R!cks\NeonWorkspace\SMWorkSpace\ProductFinderMethodReplacement\src\main\resources
2016-12-28 11:41:09,844 [Worker-23] INFO  o.e.m.c.i.embedder.EclipseLogger - Using 'UTF-8' encoding to copy filtered resources.
2016-12-28 11:41:09,844 [Worker-23] INFO  o.e.m.c.i.embedder.EclipseLogger - skip non existing resourceDirectory D:\R!cks\NeonWorkspace\SMWorkSpace\ProductFinderMethodReplacement\src\test\resources
2016-12-28 11:41:13,645 [Worker-30] INFO  o.e.m.c.i.embedder.EclipseLogger - Using 'UTF-8' encoding to copy filtered resources.
2016-12-28 11:41:13,645 [Worker-30] INFO  o.e.m.c.i.embedder.EclipseLogger - skip non existing resourceDirectory D:\R!cks\NeonWorkspace\SMWorkSpace\ProductFinderMethodReplacement\src\main\resources
2016-12-28 11:41:13,647 [Worker-30] INFO  o.e.m.c.i.embedder.EclipseLogger - Using 'UTF-8' encoding to copy filtered resources.
2016-12-28 11:41:13,647 [Worker-30] INFO  o.e.m.c.i.embedder.EclipseLogger - skip non existing resourceDirectory D:\R!cks\NeonWorkspace\SMWorkSpace\ProductFinderMethodReplacement\src\test\resources
2016-12-28 11:41:36,868 [Worker-26] INFO  o.e.m.c.i.embedder.EclipseLogger - Using 'UTF-8' encoding to copy filtered resources.
2016-12-28 11:41:36,869 [Worker-26] INFO  o.e.m.c.i.embedder.EclipseLogger - skip non existing resourceDirectory D:\R!cks\NeonWorkspace\SMWorkSpace\ProductFinderMethodReplacement\src\main\resources
2016-12-28 11:41:36,870 [Worker-26] INFO  o.e.m.c.i.embedder.EclipseLogger - Using 'UTF-8' encoding to copy filtered resources.
2016-12-28 11:41:36,871 [Worker-26] INFO  o.e.m.c.i.embedder.EclipseLogger - skip non existing resourceDirectory D:\R!cks\NeonWorkspace\SMWorkSpace\ProductFinderMethodReplacement\src\test\resources
2016-12-28 11:41:45,379 [Worker-30] INFO  o.e.m.c.i.embedder.EclipseLogger - Using 'UTF-8' encoding to copy filtered resources.
2016-12-28 11:41:45,379 [Worker-30] INFO  o.e.m.c.i.embedder.EclipseLogger - skip non existing resourceDirectory D:\R!cks\NeonWorkspace\SMWorkSpace\ProductFinderMethodReplacement\src\main\resources
2016-12-28 11:41:45,381 [Worker-30] INFO  o.e.m.c.i.embedder.EclipseLogger - Using 'UTF-8' encoding to copy filtered resources.
2016-12-28 11:41:45,381 [Worker-30] INFO  o.e.m.c.i.embedder.EclipseLogger - skip non existing resourceDirectory D:\R!cks\NeonWorkspace\SMWorkSpace\ProductFinderMethodReplacement\src\test\resources
2016-12-28 11:42:51,749 [Worker-28] INFO  o.e.m.c.i.embedder.EclipseLogger - Using 'UTF-8' encoding to copy filtered resources.
2016-12-28 11:42:51,750 [Worker-28] INFO  o.e.m.c.i.embedder.EclipseLogger - skip non existing resourceDirectory D:\R!cks\NeonWorkspace\SMWorkSpace\ProductFinderMethodReplacement\src\main\resources
2016-12-28 11:42:51,752 [Worker-28] INFO  o.e.m.c.i.embedder.EclipseLogger - Using 'UTF-8' encoding to copy filtered resources.
2016-12-28 11:42:51,752 [Worker-28] INFO  o.e.m.c.i.embedder.EclipseLogger - skip non existing resourceDirectory D:\R!cks\NeonWorkspace\SMWorkSpace\ProductFinderMethodReplacement\src\test\resources
2016-12-28 11:43:39,317 [Worker-23] INFO  o.e.m.c.i.embedder.EclipseLogger - Using 'UTF-8' encoding to copy filtered resources.
2016-12-28 11:43:39,317 [Worker-23] INFO  o.e.m.c.i.embedder.EclipseLogger - skip non existing resourceDirectory D:\R!cks\NeonWorkspace\SMWorkSpace\ProductFinderMethodReplacement\src\main\resources
2016-12-28 11:43:39,318 [Worker-23] INFO  o.e.m.c.i.embedder.EclipseLogger - Using 'UTF-8' encoding to copy filtered resources.
2016-12-28 11:43:39,319 [Worker-23] INFO  o.e.m.c.i.embedder.EclipseLogger - skip non existing resourceDirectory D:\R!cks\NeonWorkspace\SMWorkSpace\ProductFinderMethodReplacement\src\test\resources
2016-12-28 11:44:59,882 [Worker-24] INFO  o.e.m.c.i.embedder.EclipseLogger - Using 'UTF-8' encoding to copy filtered resources.
2016-12-28 11:44:59,882 [Worker-24] INFO  o.e.m.c.i.embedder.EclipseLogger - skip non existing resourceDirectory D:\R!cks\NeonWorkspace\SMWorkSpace\ProductFinderMethodReplacement\src\main\resources
2016-12-28 11:44:59,886 [Worker-24] INFO  o.e.m.c.i.embedder.EclipseLogger - Using 'UTF-8' encoding to copy filtered resources.
2016-12-28 11:44:59,886 [Worker-24] INFO  o.e.m.c.i.embedder.EclipseLogger - skip non existing resourceDirectory D:\R!cks\NeonWorkspace\SMWorkSpace\ProductFinderMethodReplacement\src\test\resources
2016-12-28 11:45:02,570 [Worker-28] INFO  o.e.m.c.i.embedder.EclipseLogger - Using 'UTF-8' encoding to copy filtered resources.
2016-12-28 11:45:02,570 [Worker-28] INFO  o.e.m.c.i.embedder.EclipseLogger - skip non existing resourceDirectory D:\R!cks\NeonWorkspace\SMWorkSpace\ProductFinderMethodReplacement\src\main\resources
2016-12-28 11:45:02,572 [Worker-28] INFO  o.e.m.c.i.embedder.EclipseLogger - Using 'UTF-8' encoding to copy filtered resources.
2016-12-28 11:45:02,572 [Worker-28] INFO  o.e.m.c.i.embedder.EclipseLogger - skip non existing resourceDirectory D:\R!cks\NeonWorkspace\SMWorkSpace\ProductFinderMethodReplacement\src\test\resources
2016-12-28 11:47:36,447 [Worker-29] INFO  o.e.m.c.i.embedder.EclipseLogger - Using 'UTF-8' encoding to copy filtered resources.
2016-12-28 11:47:36,448 [Worker-29] INFO  o.e.m.c.i.embedder.EclipseLogger - skip non existing resourceDirectory D:\R!cks\NeonWorkspace\SMWorkSpace\ProductFinderMethodReplacement\src\main\resources
2016-12-28 11:47:36,451 [Worker-29] INFO  o.e.m.c.i.embedder.EclipseLogger - Using 'UTF-8' encoding to copy filtered resources.
2016-12-28 11:47:36,451 [Worker-29] INFO  o.e.m.c.i.embedder.EclipseLogger - skip non existing resourceDirectory D:\R!cks\NeonWorkspace\SMWorkSpace\ProductFinderMethodReplacement\src\test\resources
2016-12-28 11:48:03,975 [Worker-24] INFO  o.e.m.c.i.embedder.EclipseLogger - Using 'UTF-8' encoding to copy filtered resources.
2016-12-28 11:48:03,975 [Worker-24] INFO  o.e.m.c.i.embedder.EclipseLogger - skip non existing resourceDirectory D:\R!cks\NeonWorkspace\SMWorkSpace\ProductFinderMethodReplacement\src\main\resources
2016-12-28 11:48:03,977 [Worker-24] INFO  o.e.m.c.i.embedder.EclipseLogger - Using 'UTF-8' encoding to copy filtered resources.
2016-12-28 11:48:03,977 [Worker-24] INFO  o.e.m.c.i.embedder.EclipseLogger - skip non existing resourceDirectory D:\R!cks\NeonWorkspace\SMWorkSpace\ProductFinderMethodReplacement\src\test\resources
2016-12-28 11:48:36,123 [Worker-29] INFO  o.e.m.c.i.embedder.EclipseLogger - Using 'UTF-8' encoding to copy filtered resources.
2016-12-28 11:48:36,123 [Worker-29] INFO  o.e.m.c.i.embedder.EclipseLogger - skip non existing resourceDirectory D:\R!cks\NeonWorkspace\SMWorkSpace\ProductFinderMethodReplacement\src\main\resources
2016-12-28 11:48:36,125 [Worker-29] INFO  o.e.m.c.i.embedder.EclipseLogger - Using 'UTF-8' encoding to copy filtered resources.
2016-12-28 11:48:36,125 [Worker-29] INFO  o.e.m.c.i.embedder.EclipseLogger - skip non existing resourceDirectory D:\R!cks\NeonWorkspace\SMWorkSpace\ProductFinderMethodReplacement\src\test\resources
2016-12-28 11:49:33,001 [Worker-31] INFO  o.e.m.c.i.embedder.EclipseLogger - Using 'UTF-8' encoding to copy filtered resources.
2016-12-28 11:49:33,001 [Worker-31] INFO  o.e.m.c.i.embedder.EclipseLogger - skip non existing resourceDirectory D:\R!cks\NeonWorkspace\SMWorkSpace\ProductFinderMethodReplacement\src\main\resources
2016-12-28 11:49:33,005 [Worker-31] INFO  o.e.m.c.i.embedder.EclipseLogger - Using 'UTF-8' encoding to copy filtered resources.
2016-12-28 11:49:33,005 [Worker-31] INFO  o.e.m.c.i.embedder.EclipseLogger - skip non existing resourceDirectory D:\R!cks\NeonWorkspace\SMWorkSpace\ProductFinderMethodReplacement\src\test\resources
2016-12-28 11:51:02,286 [Worker-27] INFO  o.e.m.c.i.embedder.EclipseLogger - Using 'UTF-8' encoding to copy filtered resources.
2016-12-28 11:51:02,286 [Worker-27] INFO  o.e.m.c.i.embedder.EclipseLogger - skip non existing resourceDirectory D:\R!cks\NeonWorkspace\SMWorkSpace\ProductFinderMethodReplacement\src\main\resources
2016-12-28 11:51:02,288 [Worker-27] INFO  o.e.m.c.i.embedder.EclipseLogger - Using 'UTF-8' encoding to copy filtered resources.
2016-12-28 11:51:02,288 [Worker-27] INFO  o.e.m.c.i.embedder.EclipseLogger - skip non existing resourceDirectory D:\R!cks\NeonWorkspace\SMWorkSpace\ProductFinderMethodReplacement\src\test\resources
2016-12-28 11:51:16,316 [Worker-23] INFO  o.e.m.c.i.embedder.EclipseLogger - Using 'UTF-8' encoding to copy filtered resources.
2016-12-28 11:51:16,317 [Worker-23] INFO  o.e.m.c.i.embedder.EclipseLogger - skip non existing resourceDirectory D:\R!cks\NeonWorkspace\SMWorkSpace\ProductFinderMethodReplacement\src\main\resources
2016-12-28 11:51:16,319 [Worker-23] INFO  o.e.m.c.i.embedder.EclipseLogger - Using 'UTF-8' encoding to copy filtered resources.
2016-12-28 11:51:16,319 [Worker-23] INFO  o.e.m.c.i.embedder.EclipseLogger - skip non existing resourceDirectory D:\R!cks\NeonWorkspace\SMWorkSpace\ProductFinderMethodReplacement\src\test\resources
2016-12-28 11:51:36,631 [Worker-27] INFO  o.e.m.c.i.embedder.EclipseLogger - Using 'UTF-8' encoding to copy filtered resources.
2016-12-28 11:51:36,632 [Worker-27] INFO  o.e.m.c.i.embedder.EclipseLogger - skip non existing resourceDirectory D:\R!cks\NeonWorkspace\SMWorkSpace\ProductFinderMethodReplacement\src\main\resources
2016-12-28 11:51:36,634 [Worker-27] INFO  o.e.m.c.i.embedder.EclipseLogger - Using 'UTF-8' encoding to copy filtered resources.
2016-12-28 11:51:36,635 [Worker-27] INFO  o.e.m.c.i.embedder.EclipseLogger - skip non existing resourceDirectory D:\R!cks\NeonWorkspace\SMWorkSpace\ProductFinderMethodReplacement\src\test\resources
2016-12-28 11:51:59,791 [Worker-31] INFO  o.e.m.c.i.embedder.EclipseLogger - Using 'UTF-8' encoding to copy filtered resources.
2016-12-28 11:51:59,792 [Worker-31] INFO  o.e.m.c.i.embedder.EclipseLogger - skip non existing resourceDirectory D:\R!cks\NeonWorkspace\SMWorkSpace\ProductFinderMethodReplacement\src\main\resources
2016-12-28 11:51:59,794 [Worker-31] INFO  o.e.m.c.i.embedder.EclipseLogger - Using 'UTF-8' encoding to copy filtered resources.
2016-12-28 11:51:59,794 [Worker-31] INFO  o.e.m.c.i.embedder.EclipseLogger - skip non existing resourceDirectory D:\R!cks\NeonWorkspace\SMWorkSpace\ProductFinderMethodReplacement\src\test\resources
2016-12-28 11:52:07,239 [Worker-29] INFO  o.e.m.c.i.embedder.EclipseLogger - Using 'UTF-8' encoding to copy filtered resources.
2016-12-28 11:52:07,239 [Worker-29] INFO  o.e.m.c.i.embedder.EclipseLogger - skip non existing resourceDirectory D:\R!cks\NeonWorkspace\SMWorkSpace\ProductFinderMethodReplacement\src\main\resources
2016-12-28 11:52:07,243 [Worker-29] INFO  o.e.m.c.i.embedder.EclipseLogger - Using 'UTF-8' encoding to copy filtered resources.
2016-12-28 11:52:07,243 [Worker-29] INFO  o.e.m.c.i.embedder.EclipseLogger - skip non existing resourceDirectory D:\R!cks\NeonWorkspace\SMWorkSpace\ProductFinderMethodReplacement\src\test\resources
2016-12-28 11:52:29,207 [Worker-26] INFO  o.e.m.c.i.embedder.EclipseLogger - Using 'UTF-8' encoding to copy filtered resources.
2016-12-28 11:52:29,207 [Worker-26] INFO  o.e.m.c.i.embedder.EclipseLogger - skip non existing resourceDirectory D:\R!cks\NeonWorkspace\SMWorkSpace\ProductFinderMethodReplacement\src\main\resources
2016-12-28 11:52:29,208 [Worker-26] INFO  o.e.m.c.i.embedder.EclipseLogger - Using 'UTF-8' encoding to copy filtered resources.
2016-12-28 11:52:29,208 [Worker-26] INFO  o.e.m.c.i.embedder.EclipseLogger - skip non existing resourceDirectory D:\R!cks\NeonWorkspace\SMWorkSpace\ProductFinderMethodReplacement\src\test\resources
2016-12-28 11:54:40,880 [Worker-32] INFO  o.e.m.c.i.embedder.EclipseLogger - Using 'UTF-8' encoding to copy filtered resources.
2016-12-28 11:54:40,880 [Worker-32] INFO  o.e.m.c.i.embedder.EclipseLogger - skip non existing resourceDirectory D:\R!cks\NeonWorkspace\SMWorkSpace\ProductFinderMethodReplacement\src\main\resources
2016-12-28 11:54:40,882 [Worker-32] INFO  o.e.m.c.i.embedder.EclipseLogger - Using 'UTF-8' encoding to copy filtered resources.
2016-12-28 11:54:40,882 [Worker-32] INFO  o.e.m.c.i.embedder.EclipseLogger - skip non existing resourceDirectory D:\R!cks\NeonWorkspace\SMWorkSpace\ProductFinderMethodReplacement\src\test\resources
2016-12-28 11:55:24,862 [Worker-31] INFO  o.e.m.c.i.embedder.EclipseLogger - Using 'UTF-8' encoding to copy filtered resources.
2016-12-28 11:55:24,862 [Worker-31] INFO  o.e.m.c.i.embedder.EclipseLogger - skip non existing resourceDirectory D:\R!cks\NeonWorkspace\SMWorkSpace\ProductFinderMethodReplacement\src\main\resources
2016-12-28 11:55:24,864 [Worker-31] INFO  o.e.m.c.i.embedder.EclipseLogger - Using 'UTF-8' encoding to copy filtered resources.
2016-12-28 11:55:24,864 [Worker-31] INFO  o.e.m.c.i.embedder.EclipseLogger - skip non existing resourceDirectory D:\R!cks\NeonWorkspace\SMWorkSpace\ProductFinderMethodReplacement\src\test\resources
2016-12-28 12:03:12,637 [Worker-11] INFO  o.e.m.c.i.embedder.EclipseLogger - Using 'UTF-8' encoding to copy filtered resources.
2016-12-28 12:03:12,639 [Worker-11] INFO  o.e.m.c.i.embedder.EclipseLogger - skip non existing resourceDirectory D:\R!cks\NeonWorkspace\SMWorkSpace\ProductFinderMethodReplacement\src\main\resources
2016-12-28 12:03:12,643 [Worker-11] INFO  o.e.m.c.i.embedder.EclipseLogger - Using 'UTF-8' encoding to copy filtered resources.
2016-12-28 12:03:12,643 [Worker-11] INFO  o.e.m.c.i.embedder.EclipseLogger - skip non existing resourceDirectory D:\R!cks\NeonWorkspace\SMWorkSpace\ProductFinderMethodReplacement\src\test\resources
